kotlin version: 2.3.0
error message: java.lang.OutOfMemoryError: Java heap space
	at org.jetbrains.kotlin.com.intellij.psi.tree.IElementType.lambda$static$0(IElementType.java:28)
	at org.jetbrains.kotlin.com.intellij.psi.tree.IElementType$$Lambda$198/0x00007f2fd2165c48.create(Unknown Source)
	at org.jetbrains.kotlin.com.intellij.util.ArrayUtil.realloc(ArrayUtil.java:103)
	at org.jetbrains.kotlin.com.intellij.lang.impl.TokenSequence$Builder.resizeLexemes(TokenSequence.java:148)
	at org.jetbrains.kotlin.com.intellij.lang.impl.TokenSequence$Builder.performLexing(TokenSequence.java:110)
	at org.jetbrains.kotlin.com.intellij.lang.impl.TokenSequence.performLexing(TokenSequence.java:54)
	at org.jetbrains.kotlin.com.intellij.lang.impl.PsiBuilderImpl.performLexing(PsiBuilderImpl.java:196)
	at org.jetbrains.kotlin.com.intellij.lang.impl.PsiBuilderImpl.<init>(PsiBuilderImpl.java:164)
	at org.jetbrains.kotlin.com.intellij.lang.impl.PsiBuilderImpl.<init>(PsiBuilderImpl.java:109)
	at org.jetbrains.kotlin.com.intellij.lang.impl.PsiBuilderFactoryImpl.createBuilder(PsiBuilderFactoryImpl.java:48)
	at org.jetbrains.kotlin.parsing.KotlinLightParser.buildLightTree(KotlinLightParser.kt:25)
	at org.jetbrains.kotlin.fir.lightTree.LightTree2Fir.buildFirFile(LightTree2Fir.kt:52)
	at org.jetbrains.kotlin.fir.pipeline.FirUtilsKt.buildFirViaLightTree(firUtils.kt:40)
	at org.jetbrains.kotlin.cli.pipeline.jvm.JvmFrontendPipelinePhase.executePhase(JvmFrontendPipelinePhase.kt:266)
	at org.jetbrains.kotlin.cli.pipeline.jvm.JvmFrontendPipelinePhase.executePhase(JvmFrontendPipelinePhase.kt:55)
	at org.jetbrains.kotlin.cli.pipeline.PipelinePhase.phaseBody(PipelinePhase.kt:68)
	at org.jetbrains.kotlin.cli.pipeline.PipelinePhase.phaseBody(PipelinePhase.kt:58)
	at org.jetbrains.kotlin.config.phaser.NamedCompilerPhase.invoke(CompilerPhase.kt:102)
	at org.jetbrains.kotlin.backend.common.phaser.CompositePhase.invoke(PhaseBuilders.kt:22)
	at org.jetbrains.kotlin.config.phaser.CompilerPhaseKt.invokeToplevel(CompilerPhase.kt:53)
	at org.jetbrains.kotlin.cli.pipeline.AbstractCliPipeline.runPhasedPipeline(AbstractCliPipeline.kt:109)
	at org.jetbrains.kotlin.cli.pipeline.AbstractCliPipeline.execute(AbstractCliPipeline.kt:68)
	at org.jetbrains.kotlin.cli.jvm.K2JVMCompiler.doExecutePhased(K2JVMCompiler.kt:51)
	at org.jetbrains.kotlin.cli.jvm.K2JVMCompiler.doExecutePhased(K2JVMCompiler.kt:42)
	at org.jetbrains.kotlin.cli.common.CLICompiler.execImpl(CLICompiler.kt:89)
	at org.jetbrains.kotlin.cli.common.CLICompiler.exec(CLICompiler.kt:359)
	at org.jetbrains.kotlin.incremental.IncrementalJvmCompilerRunnerBase.runCompiler(IncrementalJvmCompilerRunnerBase.kt:178)
	at org.jetbrains.kotlin.incremental.IncrementalJvmCompilerRunnerBase.runCompiler(IncrementalJvmCompilerRunnerBase.kt:40)
	at org.jetbrains.kotlin.incremental.IncrementalCompilerRunner.doCompile(IncrementalCompilerRunner.kt:504)
	at org.jetbrains.kotlin.incremental.IncrementalCompilerRunner.compileImpl(IncrementalCompilerRunner.kt:418)
	at org.jetbrains.kotlin.incremental.IncrementalCompilerRunner.compileNonIncrementally(IncrementalCompilerRunner.kt:301)
	at org.jetbrains.kotlin.incremental.IncrementalCompilerRunner.compile(IncrementalCompilerRunner.kt:128)


